Drill report for Power Charging Scheduler 90x90x1,6mm.kicad_pcb
Created on 9/27/2023 6:33:14 PM

Copper Layer Stackup:
    =============================================================
    L1 :  F.Cu                      front
    L2 :  B.Cu                      back


Drill file 'Power Charging Scheduler 90x90x1,6mm-PTH.drl' contains
    plated through holes:
    =============================================================
    T1  0.400mm  0.0157"  (217 holes)
    T2  0.600mm  0.0236"  (2 holes)
    T3  0.650mm  0.0256"  (16 holes)  (with 16 slots)
    T4  0.900mm  0.0354"  (12 holes)
    T5  0.920mm  0.0362"  (12 holes)
    T6  1.000mm  0.0394"  (10 holes)
    T7  1.010mm  0.0398"  (2 holes)
    T8  1.300mm  0.0512"  (6 holes)
    T9  1.829mm  0.0720"  (4 holes)
    T10  2.300mm  0.0906"  (6 holes)

    Total plated holes count 287


Drill file 'Power Charging Scheduler 90x90x1,6mm-NPTH.drl' contains
    unplated through holes:
    =============================================================
    T1  0.700mm  0.0276"  (8 holes)

    Total unplated holes count 8
